Determining if the C compiler works failed with the following output:
Change Dir: /home/msa/Desktop/bitirme_projesi_ros/bitirme_projesi_ros/catkin_ws/build/CMakeFiles/CMakeTmp

Run Build Command(s):/usr/bin/make cmTC_a43ed/fast && make: *** No rule to make target 'cmTC_a43ed/fast'.  Stop.



Determining if the C compiler works failed with the following output:
Change Dir: /home/msa/Desktop/bitirme_projesi_ros/bitirme_projesi_ros/catkin_ws/build/CMakeFiles/CMakeTmp

Run Build Command(s):/usr/bin/make cmTC_62606/fast && make: *** No rule to make target 'cmTC_62606/fast'.  Stop.



Determining if the C compiler works failed with the following output:
Change Dir: /home/msa/Desktop/bitirme_projesi_ros/bitirme_projesi_ros/catkin_ws/build/CMakeFiles/CMakeTmp

Run Build Command(s):/usr/bin/make cmTC_ccd0b/fast && /usr/bin/make -f CMakeFiles/cmTC_ccd0b.dir/build.make CMakeFiles/cmTC_ccd0b.dir/build
make[1]: Entering directory '/home/msa/Desktop/bitirme_projesi_ros/bitirme_projesi_ros/catkin_ws/build/CMakeFiles/CMakeTmp'
make[1]: CMakeFiles/cmTC_ccd0b.dir/build.make: No such file or directory
make[1]: *** No rule to make target 'CMakeFiles/cmTC_ccd0b.dir/build.make'.  Stop.
make[1]: Leaving directory '/home/msa/Desktop/bitirme_projesi_ros/bitirme_projesi_ros/catkin_ws/build/CMakeFiles/CMakeTmp'
make: *** [Makefile:121: cmTC_ccd0b/fast] Error 2



Compiling the C compiler identification source file "CMakeCCompilerId.c" failed.
Compiler: /usr/bin/cc 
Build flags: 
Id flags:  

The output was:
1
/usr/bin/ld: cannot open output file a.out: No such file or directory
collect2: error: ld returned 1 exit status


Compiling the C compiler identification source file "CMakeCCompilerId.c" failed.
Compiler: /usr/bin/cc 
Build flags: 
Id flags:  

The output was:
1
/usr/bin/ld: cannot open output file a.out: No such file or directory
collect2: error: ld returned 1 exit status


Compiling the C compiler identification source file "CMakeCCompilerId.c" failed.
Compiler: /usr/bin/cc 
Build flags: 
Id flags:  

The output was:
1
/usr/bin/ld: cannot open output file a.out: No such file or directory
collect2: error: ld returned 1 exit status


Determining if the C compiler works failed with the following output:
Change Dir: /home/msa/Desktop/bitirme_projesi_ros/bitirme_projesi_ros/catkin_ws/build/CMakeFiles/CMakeTmp

Run Build Command(s):/usr/bin/make cmTC_dff89/fast && make: *** No rule to make target 'cmTC_dff89/fast'.  Stop.



Determining if the C compiler works failed with the following output:
Change Dir: /home/msa/Desktop/bitirme_projesi_ros/bitirme_projesi_ros/catkin_ws/build/CMakeFiles/CMakeTmp

Run Build Command(s):/usr/bin/make cmTC_825a5/fast && make: *** No rule to make target 'cmTC_825a5/fast'.  Stop.



Performing C SOURCE FILE Test CMAKE_HAVE_LIBC_PTHREAD failed with the following output:
Change Dir: /home/msa/Desktop/bitirme_projesi_ros/bitirme_projesi_ros/catkin_ws/build/CMakeFiles/CMakeTmp

Run Build Command(s):/usr/bin/make cmTC_34929/fast && /usr/bin/make -f CMakeFiles/cmTC_34929.dir/build.make CMakeFiles/cmTC_34929.dir/build
make[1]: Entering directory '/home/msa/Desktop/bitirme_projesi_ros/bitirme_projesi_ros/catkin_ws/build/CMakeFiles/CMakeTmp'
Building C object CMakeFiles/cmTC_34929.dir/src.c.o
/usr/bin/cc   -DCMAKE_HAVE_LIBC_PTHREAD   -o CMakeFiles/cmTC_34929.dir/src.c.o   -c /home/msa/Desktop/bitirme_projesi_ros/bitirme_projesi_ros/catkin_ws/build/CMakeFiles/CMakeTmp/src.c
Linking C executable cmTC_34929
/usr/bin/cmake -E cmake_link_script CMakeFiles/cmTC_34929.dir/link.txt --verbose=1
/usr/bin/cc  -DCMAKE_HAVE_LIBC_PTHREAD    -rdynamic CMakeFiles/cmTC_34929.dir/src.c.o  -o cmTC_34929 
/usr/bin/ld: CMakeFiles/cmTC_34929.dir/src.c.o: in function `main':
src.c:(.text+0x46): undefined reference to `pthread_create'
/usr/bin/ld: src.c:(.text+0x52): undefined reference to `pthread_detach'
/usr/bin/ld: src.c:(.text+0x63): undefined reference to `pthread_join'
collect2: error: ld returned 1 exit status
make[1]: *** [CMakeFiles/cmTC_34929.dir/build.make:87: cmTC_34929] Error 1
make[1]: Leaving directory '/home/msa/Desktop/bitirme_projesi_ros/bitirme_projesi_ros/catkin_ws/build/CMakeFiles/CMakeTmp'
make: *** [Makefile:121: cmTC_34929/fast] Error 2


Source file was:
#include <pthread.h>

void* test_func(void* data)
{
  return data;
}

int main(void)
{
  pthread_t thread;
  pthread_create(&thread, NULL, test_func, NULL);
  pthread_detach(thread);
  pthread_join(thread, NULL);
  pthread_atfork(NULL, NULL, NULL);
  pthread_exit(NULL);

  return 0;
}

Determining if the function pthread_create exists in the pthreads failed with the following output:
Change Dir: /home/msa/Desktop/bitirme_projesi_ros/bitirme_projesi_ros/catkin_ws/build/CMakeFiles/CMakeTmp

Run Build Command(s):/usr/bin/make cmTC_cb873/fast && /usr/bin/make -f CMakeFiles/cmTC_cb873.dir/build.make CMakeFiles/cmTC_cb873.dir/build
make[1]: Entering directory '/home/msa/Desktop/bitirme_projesi_ros/bitirme_projesi_ros/catkin_ws/build/CMakeFiles/CMakeTmp'
Building C object CMakeFiles/cmTC_cb873.dir/CheckFunctionExists.c.o
/usr/bin/cc   -DCHECK_FUNCTION_EXISTS=pthread_create   -o CMakeFiles/cmTC_cb873.dir/CheckFunctionExists.c.o   -c /usr/share/cmake-3.16/Modules/CheckFunctionExists.c
Linking C executable cmTC_cb873
/usr/bin/cmake -E cmake_link_script CMakeFiles/cmTC_cb873.dir/link.txt --verbose=1
/usr/bin/cc  -DCHECK_FUNCTION_EXISTS=pthread_create    -rdynamic CMakeFiles/cmTC_cb873.dir/CheckFunctionExists.c.o  -o cmTC_cb873  -lpthreads 
/usr/bin/ld: cannot find -lpthreads
collect2: error: ld returned 1 exit status
make[1]: *** [CMakeFiles/cmTC_cb873.dir/build.make:87: cmTC_cb873] Error 1
make[1]: Leaving directory '/home/msa/Desktop/bitirme_projesi_ros/bitirme_projesi_ros/catkin_ws/build/CMakeFiles/CMakeTmp'
make: *** [Makefile:121: cmTC_cb873/fast] Error 2



